<?xml version="1.0" encoding="UTF-8"?>
<!-- Generated by org.testng.reporters.JUnitXMLReporter -->
<testsuite hostname="DESKTOP-945OC9D" failures="2" tests="2" name="Test" time="43.557" errors="0" timestamp="1 Mar 2021 05:46:52 GMT">
  <testcase classname="TestngPractise.Homepage" name="homepge" time="3.357">
    <failure type="java.lang.AssertionError" message="expected [1234] but found [123]">
      <![CDATA[java.lang.AssertionError: expected [1234] but found [123]
	at TestngPractise.Homepage.homepge(Homepage.java:61)
... Removed 29 stack frames]]>
    </failure>
  </testcase> <!-- homepge -->
  <testcase classname="TestngPractise.Homepage" name="homepge" time="0.904">
    <failure type="java.lang.AssertionError" message="expected [1234] but found [123]">
      <![CDATA[java.lang.AssertionError: expected [1234] but found [123]
	at TestngPractise.Homepage.homepge(Homepage.java:61)
... Removed 29 stack frames]]>
    </failure>
  </testcase> <!-- homepge -->
</testsuite> <!-- Test -->
