<?xml version="1.0" encoding="UTF-8"?>
<!-- Generated by org.testng.reporters.JUnitXMLReporter -->
<testsuite hostname="DESKTOP-945OC9D" failures="2" tests="2" name="Validating User login" time="17.342" errors="0" timestamp="1 Mar 2021 09:28:56 GMT">
  <testcase classname="Cucumberoptions.TestRunner" name="feature" time="16.593">
    <failure type="cucumber.runtime.CucumberException" message="java.lang.AssertionError: expected [12323] but found [123]">
      <![CDATA[cucumber.runtime.CucumberException: java.lang.AssertionError: expected [12323] but found [123]
	at cucumber.api.testng.TestNGCucumberRunner.runCucumber(TestNGCucumberRunner.java:69)
	at Cucumberoptions.TestRunner.feature(TestRunner.java:41)
Caused by: java.lang.AssertionError: expected [12323] but found [123]
	at Stepdefinitions.Stepdefinition.validate_the_successful_message_is_displayed(Stepdefinition.java:56)
	at âœ½.Then Validate the successful message is displayed(Login.feature:6)
... Removed 29 stack frames]]>
    </failure>
  </testcase> <!-- feature -->
  <testcase classname="Cucumberoptions.TestRunner" name="feature" time="16.773">
    <failure type="java.lang.NullPointerException" message="Cannot invoke &amp;quot;org.openqa.selenium.TakesScreenshot.getScreenshotAs(org.openqa.selenium.OutputType)&amp;quot; because &amp;quot;ts&amp;quot; is null">
      <![CDATA[java.lang.NullPointerException: Cannot invoke "org.openqa.selenium.TakesScreenshot.getScreenshotAs(org.openqa.selenium.OutputType)" because "ts" is null
	at resources.Base.getScreenShotPath(Base.java:74)
	at TestngPractise.Listeners.onTestFailure(Listeners.java:47)
... Removed 21 stack frames]]>
    </failure>
  </testcase> <!-- feature -->
</testsuite> <!-- Validating User login -->
